<?xml version="1.0" encoding="UTF-8"?>
<!-- Generated by org.testng.reporters.JUnitXMLReporter -->
<testsuite ignored="0" hostname="LAPTOP-C016I2SD" failures="0" tests="4" name="Test" time="28.857" errors="0" timestamp="2020-11-23T18:09:43 IST">
  <testcase classname="Academy.validateNavigationBar" name="basePagenavigation" time="0.05"/>
  <testcase classname="Academy.HomePage" name="basePagenavigation" time="7.209"/>
  <testcase classname="Academy.HomePage" name="basePagenavigation" time="1.604"/>
  <testcase classname="Academy.validateTitle" name="basePagenavigation" time="0.023"/>
</testsuite> <!-- Test -->
