<?xml version="1.0" encoding="UTF-8"?>
<testsuite xmlns:xsi="http://www.w3.org/2001/XMLSchema-instance" xsi:noNamespaceSchemaLocation="https://maven.apache.org/surefire/maven-surefire-plugin/xsd/surefire-test-report.xsd" name="TestSuite" time="29.425" tests="4" errors="0" skipped="0" failures="0">
  <properties>
[...]
</properties>
  <testcase name="basePagenavigation" classname="Academy.validateNavigationBar" time="0.053"/>
  <testcase name="basePagenavigation" classname="Academy.HomePage" time="7.21"/>
  <testcase name="basePagenavigation" classname="Academy.HomePage" time="1.604"/>
  <testcase name="basePagenavigation" classname="Academy.validateTitle" time="0.025"/>
</testsuite>